[2015-04-26 19:30:48] [main] INFO  c.market.marketbarn.Application [52] - Starting Application on 20150419A-PC with PID 2000 (D:\java\workspace\marketbarn\target\classes started by marlon in D:\java\workspace\marketbarn)
[2015-04-26 19:30:48] [main] INFO  o.s.b.c.e.AnnotationConfigEmbeddedWebApplicationContext [510] - Refreshing org.springframework.boot.context.embedded.AnnotationConfigEmbeddedWebApplicationContext@243ce552: startup date [Sun Apr 26 19:30:48 CST 2015]; root of context hierarchy
[2015-04-26 19:30:48] [main] INFO  o.s.b.f.x.XmlBeanDefinitionReader [316] - Loading XML bean definitions from class path resource [spring.xml]
[2015-04-26 19:30:49] [main] INFO  o.s.b.f.s.DefaultListableBeanFactory [793] - Overriding bean definition for bean 'beanNameViewResolver': replacing [Root bean: class [null]; scope=; abstract=false; lazyInit=false; autowireMode=3; dependencyCheck=0; autowireCandidate=true; primary=false; factoryBeanName=org.springframework.boot.autoconfigure.web.ErrorMvcAutoConfiguration$WhitelabelErrorViewConfiguration; factoryMethodName=beanNameViewResolver; initMethodName=null; destroyMethodName=(inferred); defined in class path resource [org/springframework/boot/autoconfigure/web/ErrorMvcAutoConfiguration$WhitelabelErrorViewConfiguration.class]] with [Root bean: class [null]; scope=; abstract=false; lazyInit=false; autowireMode=3; dependencyCheck=0; autowireCandidate=true; primary=false; factoryBeanName=org.springframework.boot.autoconfigure.web.WebMvcAutoConfiguration$WebMvcAutoConfigurationAdapter; factoryMethodName=beanNameViewResolver; initMethodName=null; destroyMethodName=(inferred); defined in class path resource [org/springframework/boot/autoconfigure/web/WebMvcAutoConfiguration$WebMvcAutoConfigurationAdapter.class]]
[2015-04-26 19:30:49] [main] INFO  c.a.c.s.DecryptPropertyPlaceholderConfigurer [172] - Loading properties file from class path resource [druid.properties]
[2015-04-26 19:30:49] [main] INFO  o.h.v.internal.util.Version [27] - HV000001: Hibernate Validator 5.0.3.Final
[2015-04-26 19:30:50] [main] INFO  o.s.c.s.PostProcessorRegistrationDelegate$BeanPostProcessorChecker [309] - Bean 'org.springframework.transaction.annotation.ProxyTransactionManagementConfiguration' of type [class org.springframework.transaction.annotation.ProxyTransactionManagementConfiguration$$EnhancerBySpringCGLIB$$e752f51a] is not eligible for getting processed by all BeanPostProcessors (for example: not eligible for auto-proxying)
[2015-04-26 19:30:50] [main] INFO  o.s.c.s.PostProcessorRegistrationDelegate$BeanPostProcessorChecker [309] - Bean 'transactionAttributeSource' of type [class org.springframework.transaction.annotation.AnnotationTransactionAttributeSource] is not eligible for getting processed by all BeanPostProcessors (for example: not eligible for auto-proxying)
[2015-04-26 19:30:50] [main] INFO  o.s.c.s.PostProcessorRegistrationDelegate$BeanPostProcessorChecker [309] - Bean 'transactionInterceptor' of type [class org.springframework.transaction.interceptor.TransactionInterceptor] is not eligible for getting processed by all BeanPostProcessors (for example: not eligible for auto-proxying)
[2015-04-26 19:30:50] [main] INFO  o.s.c.s.PostProcessorRegistrationDelegate$BeanPostProcessorChecker [309] - Bean 'org.springframework.transaction.config.internalTransactionAdvisor' of type [class org.springframework.transaction.interceptor.BeanFactoryTransactionAttributeSourceAdvisor] is not eligible for getting processed by all BeanPostProcessors (for example: not eligible for auto-proxying)
[2015-04-26 19:30:50] [main] INFO  o.s.b.c.e.j.JettyEmbeddedServletContainerFactory [106] - Server initialized with port: 20510
[2015-04-26 19:30:50] [main] INFO  org.eclipse.jetty.server.Server [272] - jetty-8.1.15.v20140411
[2015-04-26 19:30:50] [main] INFO  / [2040] - Initializing Spring embedded WebApplicationContext
[2015-04-26 19:30:50] [main] INFO  o.s.web.context.ContextLoader [337] - Root WebApplicationContext: initialization completed in 2392 ms
[2015-04-26 19:30:51] [main] INFO  o.s.b.c.e.ServletRegistrationBean [165] - Mapping servlet: 'dispatcherServlet' to [/]
[2015-04-26 19:30:51] [main] INFO  o.s.b.c.e.FilterRegistrationBean [283] - Mapping filter: 'hiddenHttpMethodFilter' to: [/*]
[2015-04-26 19:30:51] [main] INFO  o.e.j.server.AbstractConnector [338] - Started SelectChannelConnector@0.0.0.0:20510
[2015-04-26 19:30:51] [main] INFO  c.a.druid.pool.DruidDataSource [640] - {dataSource-1} inited
[2015-04-26 19:30:52] [main] INFO  o.s.w.s.h.SimpleUrlHandlerMapping [315] - Mapped URL path [/**/favicon.ico] onto handler of type [class org.springframework.web.servlet.resource.ResourceHttpRequestHandler]
[2015-04-26 19:30:52] [main] INFO  o.s.w.s.m.m.a.RequestMappingHandlerMapping [197] - Mapped "{[/error],methods=[],params=[],headers=[],consumes=[],produces=[],custom=[]}" onto public org.springframework.http.ResponseEntity<java.util.Map<java.lang.String, java.lang.Object>> org.springframework.boot.autoconfigure.web.BasicErrorController.error(javax.servlet.http.HttpServletRequest)
[2015-04-26 19:30:52] [main] INFO  o.s.w.s.m.m.a.RequestMappingHandlerMapping [197] - Mapped "{[/error],methods=[],params=[],headers=[],consumes=[],produces=[text/html],custom=[]}" onto public org.springframework.web.servlet.ModelAndView org.springframework.boot.autoconfigure.web.BasicErrorController.errorHtml(javax.servlet.http.HttpServletRequest)
[2015-04-26 19:30:52] [main] INFO  o.s.w.s.h.SimpleUrlHandlerMapping [315] - Mapped URL path [/**] onto handler of type [class org.springframework.web.servlet.resource.ResourceHttpRequestHandler]
[2015-04-26 19:30:52] [main] INFO  o.s.w.s.h.SimpleUrlHandlerMapping [315] - Mapped URL path [/webjars/**] onto handler of type [class org.springframework.web.servlet.resource.ResourceHttpRequestHandler]
[2015-04-26 19:30:52] [main] INFO  o.s.j.e.a.AnnotationMBeanExporter [419] - Registering beans for JMX exposure on startup
[2015-04-26 19:30:52] [main] INFO  o.s.j.e.a.AnnotationMBeanExporter [899] - Bean with name 'dataSource' has been autodetected for JMX exposure
[2015-04-26 19:30:52] [main] INFO  o.s.j.e.a.AnnotationMBeanExporter [655] - Located MBean 'dataSource': registering with JMX server as MBean [com.alibaba.druid.pool:name=dataSource,type=DruidDataSource]
[2015-04-26 19:30:52] [main] INFO  / [2040] - Initializing Spring FrameworkServlet 'dispatcherServlet'
[2015-04-26 19:30:52] [main] INFO  o.s.w.servlet.DispatcherServlet [479] - FrameworkServlet 'dispatcherServlet': initialization started
[2015-04-26 19:30:52] [main] INFO  o.s.w.servlet.DispatcherServlet [498] - FrameworkServlet 'dispatcherServlet': initialization completed in 20 ms
[2015-04-26 19:30:52] [main] INFO  o.e.j.server.AbstractConnector [338] - Started SelectChannelConnector@0.0.0.0:20510
[2015-04-26 19:30:52] [main] INFO  o.s.b.c.e.j.JettyEmbeddedServletContainer [96] - Jetty started on port: 20510
[2015-04-26 19:30:52] [main] INFO  c.market.marketbarn.Application [61] - Started Application in 5.039 seconds (JVM running for 5.76)
